[01m[K/home/cexxo39/excercise1_ws/src/my_package/src/robotControl.cpp:48:18:[m[K [01;31m[Kerror: [m[Kexpected class-name before â€˜[01m[K([m[Kâ€™ token
   48 |  ~FibonacciAction[01;31m[K([m[Kvoid){}
      |                  [01;31m[K^[m[K
[01m[K/home/cexxo39/excercise1_ws/src/my_package/src/robotControl.cpp:[m[K In member function â€˜[01m[Kvoid my_actionAction::executeCB(const my_actionGoalConstPtr&)[m[Kâ€™:
[01m[K/home/cexxo39/excercise1_ws/src/my_package/src/robotControl.cpp:46:13:[m[K [01;31m[Kerror: [m[Kâ€˜[01m[Kmy_package::my_actionFeedback[m[Kâ€™ {aka â€˜[01m[Kstruct my_package::my_actionFeedback_<std::allocator<void> >[m[Kâ€™} has no member named â€˜[01m[Kcharge[m[Kâ€™
   46 |   feedback_.[01;31m[Kcharge[m[K += 5;
      |             [01;31m[K^~~~~~[m[K
make[2]: *** [CMakeFiles/robotControl.dir/build.make:63: CMakeFiles/robotControl.dir/src/robotControl.cpp.o] Error 1
make[1]: *** [CMakeFiles/Makefile2:1891: CMakeFiles/robotControl.dir/all] Error 2
make: *** [Makefile:141: all] Error 2
