[01m[K/home/cexxo39/excercise1_ws/src/my_package/src/robotControl.cpp:[m[K In function â€˜[01m[Kbool info(my_package::srv1::Request&, my_package::srv1::Response&)[m[Kâ€™:
[01m[K/home/cexxo39/excercise1_ws/src/my_package/src/robotControl.cpp:18:23:[m[K [01;31m[Kerror: [m[Kâ€˜[01m[Kn[m[Kâ€™ was not declared in this scope; did you mean â€˜[01m[Kyn[m[Kâ€™?
   18 |  ros::Publisher pub = [01;31m[Kn[m[K.advertise<my_package::srv1>("service",1000);
      |                       [01;31m[K^[m[K
      |                       [32m[Kyn[m[K
[01m[K/home/cexxo39/excercise1_ws/src/my_package/src/robotControl.cpp:18:51:[m[K [01;31m[Kerror: [m[Kexpected primary-expression before â€˜[01m[K>[m[Kâ€™ token
   18 |  ros::Publisher pub = n.advertise<my_package::srv1[01;31m[K>[m[K("service",1000);
      |                                                   [01;31m[K^[m[K
In file included from [01m[K/opt/ros/noetic/include/ros/ros.h:40[m[K,
                 from [01m[K/home/cexxo39/excercise1_ws/src/my_package/src/robotControl.cpp:1[m[K:
[01m[K/home/cexxo39/excercise1_ws/src/my_package/src/robotControl.cpp:25:12:[m[K [01;35m[Kwarning: [m[Kformat â€˜[01m[K%d[m[Kâ€™ expects argument of type â€˜[01m[Kint[m[Kâ€™, but argument 9 has type â€˜[01m[Kstd_msgs::Header_<std::allocator<void> >::_stamp_type[m[Kâ€™ {aka â€˜[01m[Kros::Time[m[Kâ€™} [[01;35m[K-Wformat=[m[K]
   25 |   ROS_INFO([01;35m[K"Request header %d, %d, %s"[m[K, req.msg.seq, [32m[Kreq.msg.stamp[m[K, req.msg.frame_id.c_str());
      |            [01;35m[K^~~~~~~~~~~~~~~~~~~~~~~~~~~[m[K               [32m[K~~~~~~~~~~~~~[m[K
      |                                                              [32m[K|[m[K
      |                                                              [32m[Kstd_msgs::Header_<std::allocator<void> >::_stamp_type {aka ros::Time}[m[K
[01m[K/opt/ros/noetic/include/ros/console.h:351:165:[m[K [01;36m[Knote: [m[Kin definition of macro â€˜[01m[KROSCONSOLE_PRINT_AT_LOCATION_WITH_FILTER[m[Kâ€™
  351 |     ::ros::console::print(filter, __rosconsole_define_location__loc.logger_, __rosconsole_define_location__loc.level_, __FILE__, __LINE__, __ROSCONSOLE_FUNCTION__, [01;36m[K__VA_ARGS__[m[K)
      |                                                                                                                                                                     [01;36m[K^~~~~~~~~~~[m[K
[01m[K/opt/ros/noetic/include/ros/console.h:390:7:[m[K [01;36m[Knote: [m[Kin expansion of macro â€˜[01m[KROSCONSOLE_PRINT_AT_LOCATION[m[Kâ€™
  390 |       [01;36m[KROSCONSOLE_PRINT_AT_LOCATION[m[K(__VA_ARGS__); \
      |       [01;36m[K^~~~~~~~~~~~~~~~~~~~~~~~~~~~[m[K
[01m[K/opt/ros/noetic/include/ros/console.h:575:35:[m[K [01;36m[Knote: [m[Kin expansion of macro â€˜[01m[KROS_LOG_COND[m[Kâ€™
  575 | #define ROS_LOG(level, name, ...) [01;36m[KROS_LOG_COND[m[K(true, level, name, __VA_ARGS__)
      |                                   [01;36m[K^~~~~~~~~~~~[m[K
[01m[K/opt/ros/noetic/include/rosconsole/macros_generated.h:110:23:[m[K [01;36m[Knote: [m[Kin expansion of macro â€˜[01m[KROS_LOG[m[Kâ€™
  110 | #define ROS_INFO(...) [01;36m[KROS_LOG[m[K(::ros::console::levels::Info, ROSCONSOLE_DEFAULT_NAME, __VA_ARGS__)
      |                       [01;36m[K^~~~~~~[m[K
[01m[K/home/cexxo39/excercise1_ws/src/my_package/src/robotControl.cpp:25:3:[m[K [01;36m[Knote: [m[Kin expansion of macro â€˜[01m[KROS_INFO[m[Kâ€™
   25 |   [01;36m[KROS_INFO[m[K("Request header %d, %d, %s", req.msg.seq, req.msg.stamp, req.msg.frame_id.c_str());
      |   [01;36m[K^~~~~~~~[m[K
[01m[K/home/cexxo39/excercise1_ws/src/my_package/src/robotControl.cpp:25:33:[m[K [01;36m[Knote: [m[Kformat string is defined here
   25 |   ROS_INFO("Request header %d, [01;36m[K%d[m[K, %s", req.msg.seq, req.msg.stamp, req.msg.frame_id.c_str());
      |                                [01;36m[K~^[m[K
      |                                 [01;36m[K|[m[K
      |                                 [01;36m[Kint[m[K
[01m[K/home/cexxo39/excercise1_ws/src/my_package/src/robotControl.cpp:29:3:[m[K [01;31m[Kerror: [m[Kâ€˜[01m[Kloop_rate[m[Kâ€™ was not declared in this scope; did you mean â€˜[01m[Kloop_rae[m[Kâ€™?
   29 |   [01;31m[Kloop_rate[m[K.sleep();
      |   [01;31m[K^~~~~~~~~[m[K
      |   [32m[Kloop_rae[m[K
make[2]: *** [CMakeFiles/robotControl.dir/build.make:63: CMakeFiles/robotControl.dir/src/robotControl.cpp.o] Error 1
make[1]: *** [CMakeFiles/Makefile2:199: CMakeFiles/robotControl.dir/all] Error 2
make: *** [Makefile:141: all] Error 2
