[01m[K/home/cexxo39/excercise1_ws/src/my_package/src/robotControl.cpp:[m[K In function â€˜[01m[Kint main(int, char**)[m[Kâ€™:
[01m[K/home/cexxo39/excercise1_ws/src/my_package/src/robotControl.cpp:26:9:[m[K [01;31m[Kerror: [m[Kâ€˜[01m[Kpoint1[m[Kâ€™ has not been declared
   26 |         [01;31m[Kpoint1[m[K::RVL msg;
      |         [01;31m[K^~~~~~[m[K
[01m[K/home/cexxo39/excercise1_ws/src/my_package/src/robotControl.cpp:32:17:[m[K [01;31m[Kerror: [m[Kâ€˜[01m[Kmsg[m[Kâ€™ was not declared in this scope
   32 |                 [01;31m[Kmsg[m[K.ID = 0;
      |                 [01;31m[K^~~[m[K
[01m[K/home/cexxo39/excercise1_ws/src/my_package/src/robotControl.cpp:42:13:[m[K [01;31m[Kerror: [m[Kâ€˜[01m[Kmsg[m[Kâ€™ was not declared in this scope
   42 |             [01;31m[Kmsg[m[K.ID = ids[i];
      |             [01;31m[K^~~[m[K
make[2]: *** [CMakeFiles/robotControl.dir/build.make:63: CMakeFiles/robotControl.dir/src/robotControl.cpp.o] Error 1
make[1]: *** [CMakeFiles/Makefile2:197: CMakeFiles/robotControl.dir/all] Error 2
make[1]: *** Waiting for unfinished jobs....
make: *** [Makefile:141: all] Error 2
