[01m[K/home/cexxo39/excercise1_ws/src/my_package/src/robotControl.cpp:[m[K In member function â€˜[01m[Kvoid my_actionAction::executeCB(const my_actionGoalConstPtr&)[m[Kâ€™:
[01m[K/home/cexxo39/excercise1_ws/src/my_package/src/robotControl.cpp:46:15:[m[K [01;31m[Kerror: [m[Kâ€˜[01m[Kfeedback[m[Kâ€™ was not declared in this scope; did you mean â€˜[01m[Kfeedback_[m[Kâ€™?
   46 |   for(int i=0;[01;31m[Kfeedback[m[K._currentCharge<goal->maximumCharge;i++){
      |               [01;31m[K^~~~~~~~[m[K
      |               [32m[Kfeedback_[m[K
make[2]: *** [CMakeFiles/robotControl.dir/build.make:63: CMakeFiles/robotControl.dir/src/robotControl.cpp.o] Error 1
make[1]: *** [CMakeFiles/Makefile2:1891: CMakeFiles/robotControl.dir/all] Error 2
make: *** [Makefile:141: all] Error 2
