[01m[K/home/cexxo39/excercise1_ws/src/my_package/src/robotControl.cpp:[m[K In constructor â€˜[01m[Kmy_actionAction::my_actionAction(std::string)[m[Kâ€™:
[01m[K/home/cexxo39/excercise1_ws/src/my_package/src/robotControl.cpp:38:52:[m[K [01;31m[Kerror: [m[Kâ€˜[01m[Kboos[m[Kâ€™ has not been declared
   38 |   my_actionAction(std::string name) : as_(nh_,name,[01;31m[Kboos[m[K::bind(&my_actionAction::executeCB,this,_1),false),action_name_(name){
      |                                                    [01;31m[K^~~~[m[K
[01m[K/home/cexxo39/excercise1_ws/src/my_package/src/robotControl.cpp:38:81:[m[K [01;31m[Kerror: [m[Kâ€˜[01m[KexecuteCB[m[Kâ€™ is not a member of â€˜[01m[Kmy_actionAction[m[Kâ€™
   38 |   my_actionAction(std::string name) : as_(nh_,name,boos::bind(&my_actionAction::[01;31m[KexecuteCB[m[K,this,_1),false),action_name_(name){
      |                                                                                 [01;31m[K^~~~~~~~~[m[K
make[2]: *** [CMakeFiles/robotControl.dir/build.make:63: CMakeFiles/robotControl.dir/src/robotControl.cpp.o] Error 1
make[1]: *** [CMakeFiles/Makefile2:1891: CMakeFiles/robotControl.dir/all] Error 2
make: *** [Makefile:141: all] Error 2
