[  0%] Built target std_msgs_generate_messages_cpp
[  0%] Built target std_msgs_generate_messages_py
[  0%] Built target std_msgs_generate_messages_lisp
[  0%] Built target std_msgs_generate_messages_eus
[  0%] Built target std_msgs_generate_messages_nodejs
[  0%] Built target _my_package_generate_messages_check_deps_RVL
[  0%] Built target _my_package_generate_messages_check_deps_srv1
[  0%] Built target _my_package_generate_messages_check_deps_srv2
[ 40%] Built target my_package_generate_messages_nodejs
[ 40%] Built target my_package_generate_messages_lisp
[ 45%] Built target my_package_generate_messages_eus
[ 72%] Built target my_package_generate_messages_cpp
[ 81%] Built target my_package_generate_messages_py
[35m[1mScanning dependencies of target listener[0m
[ 81%] Built target my_package_generate_messages
[ 95%] [32mBuilding CXX object CMakeFiles/listener.dir/src/listener.cpp.o[0m
[ 95%] Built target robotControl
[01m[K/home/cexxo39/excercise1_ws/src/my_package/src/listener.cpp:[m[K In function â€˜[01m[Kint main(int, char**)[m[Kâ€™:
[01m[K/home/cexxo39/excercise1_ws/src/my_package/src/listener.cpp:25:2:[m[K [01;31m[Kerror: [m[Kâ€˜[01m[Ksvr[m[Kâ€™ was not declared in this scope; did you mean â€˜[01m[Ksrv[m[Kâ€™?
   25 |  [01;31m[Ksvr[m[K.request.ID = atoll(argv[1]);
      |  [01;31m[K^~~[m[K
      |  [32m[Ksrv[m[K
make[2]: *** [CMakeFiles/listener.dir/build.make:63: CMakeFiles/listener.dir/src/listener.cpp.o] Error 1
make[1]: *** [CMakeFiles/Makefile2:172: CMakeFiles/listener.dir/all] Error 2
make: *** [Makefile:141: all] Error 2
