[  0%] Built target std_msgs_generate_messages_eus
[  0%] Built target std_msgs_generate_messages_lisp
[  0%] Built target std_msgs_generate_messages_cpp
[  0%] Built target std_msgs_generate_messages_py
[  0%] Built target std_msgs_generate_messages_nodejs
[  0%] Built target _my_package_generate_messages_check_deps_srv2
[  0%] Built target _my_package_generate_messages_check_deps_srv1
[  0%] Built target _my_package_generate_messages_check_deps_RVL
[ 27%] Built target my_package_generate_messages_cpp
[ 45%] Built target my_package_generate_messages_lisp
[ 45%] Built target my_package_generate_messages_eus
[ 68%] Built target my_package_generate_messages_py
[ 81%] Built target my_package_generate_messages_nodejs
[35m[1mScanning dependencies of target listener[0m
[35m[1mScanning dependencies of target robotControl[0m
[ 81%] Built target my_package_generate_messages
[ 86%] [32mBuilding CXX object CMakeFiles/listener.dir/src/listener.cpp.o[0m
[ 90%] [32mBuilding CXX object CMakeFiles/robotControl.dir/src/robotControl.cpp.o[0m
[01m[K/home/cexxo39/excercise1_ws/src/my_package/src/listener.cpp:[m[K In function â€˜[01m[Kint main(int, char**)[m[Kâ€™:
[01m[K/home/cexxo39/excercise1_ws/src/my_package/src/listener.cpp:25:2:[m[K [01;31m[Kerror: [m[Kâ€˜[01m[Ksvr[m[Kâ€™ was not declared in this scope; did you mean â€˜[01m[Ksrv[m[Kâ€™?
   25 |  [01;31m[Ksvr[m[K.request.ID = atoll(argv[1]);
      |  [01;31m[K^~~[m[K
      |  [32m[Ksrv[m[K
[01m[K/home/cexxo39/excercise1_ws/src/my_package/src/listener.cpp:27:13:[m[K [01;31m[Kerror: [m[Kâ€˜[01m[Kopk[m[Kâ€™ is not a member of â€˜[01m[Kros[m[Kâ€™; did you mean â€˜[01m[Kok[m[Kâ€™?
   27 |  while(ros::[01;31m[Kopk[m[K()){
      |             [01;31m[K^~~[m[K
      |             [32m[Kok[m[K
In file included from [01m[K/opt/ros/noetic/include/ros/ros.h:40[m[K,
                 from [01m[K/home/cexxo39/excercise1_ws/src/my_package/src/robotControl.cpp:1[m[K:
[01m[K/home/cexxo39/excercise1_ws/src/my_package/src/robotControl.cpp:[m[K In function â€˜[01m[Kbool info(my_package::srv1::Request&, my_package::srv1::Response&)[m[Kâ€™:
[01m[K/home/cexxo39/excercise1_ws/src/my_package/src/robotControl.cpp:22:11:[m[K [01;35m[Kwarning: [m[Kformat â€˜[01m[K%d[m[Kâ€™ expects argument of type â€˜[01m[Kint[m[Kâ€™, but argument 9 has type â€˜[01m[Kstd_msgs::Header_<std::allocator<void> >::_stamp_type[m[Kâ€™ {aka â€˜[01m[Kros::Time[m[Kâ€™} [[01;35m[K-Wformat=[m[K]
   22 |  ROS_INFO([01;35m[K"Request header %d, %d, %s"[m[K, req.msg.seq, [32m[Kreq.msg.stamp[m[K, req.msg.frame_id.c_str());
      |           [01;35m[K^~~~~~~~~~~~~~~~~~~~~~~~~~~[m[K               [32m[K~~~~~~~~~~~~~[m[K
      |                                                             [32m[K|[m[K
      |                                                             [32m[Kstd_msgs::Header_<std::allocator<void> >::_stamp_type {aka ros::Time}[m[K
[01m[K/opt/ros/noetic/include/ros/console.h:351:165:[m[K [01;36m[Knote: [m[Kin definition of macro â€˜[01m[KROSCONSOLE_PRINT_AT_LOCATION_WITH_FILTER[m[Kâ€™
  351 |     ::ros::console::print(filter, __rosconsole_define_location__loc.logger_, __rosconsole_define_location__loc.level_, __FILE__, __LINE__, __ROSCONSOLE_FUNCTION__, [01;36m[K__VA_ARGS__[m[K)
      |                                                                                                                                                                     [01;36m[K^~~~~~~~~~~[m[K
[01m[K/opt/ros/noetic/include/ros/console.h:390:7:[m[K [01;36m[Knote: [m[Kin expansion of macro â€˜[01m[KROSCONSOLE_PRINT_AT_LOCATION[m[Kâ€™
  390 |       [01;36m[KROSCONSOLE_PRINT_AT_LOCATION[m[K(__VA_ARGS__); \
      |       [01;36m[K^~~~~~~~~~~~~~~~~~~~~~~~~~~~[m[K
[01m[K/opt/ros/noetic/include/ros/console.h:575:35:[m[K [01;36m[Knote: [m[Kin expansion of macro â€˜[01m[KROS_LOG_COND[m[Kâ€™
  575 | #define ROS_LOG(level, name, ...) [01;36m[KROS_LOG_COND[m[K(true, level, name, __VA_ARGS__)
      |                                   [01;36m[K^~~~~~~~~~~~[m[K
[01m[K/opt/ros/noetic/include/rosconsole/macros_generated.h:110:23:[m[K [01;36m[Knote: [m[Kin expansion of macro â€˜[01m[KROS_LOG[m[Kâ€™
  110 | #define ROS_INFO(...) [01;36m[KROS_LOG[m[K(::ros::console::levels::Info, ROSCONSOLE_DEFAULT_NAME, __VA_ARGS__)
      |                       [01;36m[K^~~~~~~[m[K
[01m[K/home/cexxo39/excercise1_ws/src/my_package/src/robotControl.cpp:22:2:[m[K [01;36m[Knote: [m[Kin expansion of macro â€˜[01m[KROS_INFO[m[Kâ€™
   22 |  [01;36m[KROS_INFO[m[K("Request header %d, %d, %s", req.msg.seq, req.msg.stamp, req.msg.frame_id.c_str());
      |  [01;36m[K^~~~~~~~[m[K
[01m[K/home/cexxo39/excercise1_ws/src/my_package/src/robotControl.cpp:22:32:[m[K [01;36m[Knote: [m[Kformat string is defined here
   22 |  ROS_INFO("Request header %d, [01;36m[K%d[m[K, %s", req.msg.seq, req.msg.stamp, req.msg.frame_id.c_str());
      |                               [01;36m[K~^[m[K
      |                                [01;36m[K|[m[K
      |                                [01;36m[Kint[m[K
make[2]: *** [CMakeFiles/listener.dir/build.make:63: CMakeFiles/listener.dir/src/listener.cpp.o] Error 1
make[1]: *** [CMakeFiles/Makefile2:172: CMakeFiles/listener.dir/all] Error 2
make[1]: *** Waiting for unfinished jobs....
[ 95%] [32m[1mLinking CXX executable /home/cexxo39/excercise1_ws/devel/.private/my_package/lib/my_package/robotControl[0m
[ 95%] Built target robotControl
make: *** [Makefile:141: all] Error 2
