[01m[K/home/cexxo39/excercise1_ws/src/my_package/src/robotControl.cpp:[m[K In function â€˜[01m[Kint main(int, char**)[m[Kâ€™:
[01m[K/home/cexxo39/excercise1_ws/src/my_package/src/robotControl.cpp:11:17:[m[K [01;31m[Kerror: [m[Kâ€˜[01m[Kpoint1[m[Kâ€™ was not declared in this scope; did you mean â€˜[01m[Kprintf[m[Kâ€™?
   11 |     n.advertise<[01;31m[Kpoint1[m[K::RVL>("message",
      |                 [01;31m[K^~~~~~[m[K
      |                 [32m[Kprintf[m[K
[01m[K/home/cexxo39/excercise1_ws/src/my_package/src/robotControl.cpp:11:7:[m[K [01;31m[Kerror: [m[Kparse error in template argument list
   11 |     n.[01;31m[Kadvertise<point1::RVL>[m[K("message",
      |       [01;31m[K^~~~~~~~~~~~~~~~~~~~~~[m[K
[01m[K/home/cexxo39/excercise1_ws/src/my_package/src/robotControl.cpp:12:9:[m[K [01;31m[Kerror: [m[Kno matching function for call to â€˜[01m[Kros::NodeHandle::advertise<<expression error> >(const char [8], int)[m[Kâ€™
   12 |     1000[01;31m[K)[m[K;
      |         [01;31m[K^[m[K
In file included from [01m[K/opt/ros/noetic/include/ros/ros.h:45[m[K,
                 from [01m[K/home/cexxo39/excercise1_ws/src/my_package/src/robotControl.cpp:1[m[K:
[01m[K/opt/ros/noetic/include/ros/node_handle.h:249:15:[m[K [01;36m[Knote: [m[Kcandidate: â€˜[01m[Ktemplate<class M> ros::Publisher ros::NodeHandle::advertise(const string&, uint32_t, bool)[m[Kâ€™
  249 |     Publisher [01;36m[Kadvertise[m[K(const std::string& topic, uint32_t queue_size, bool latch = false)
      |               [01;36m[K^~~~~~~~~[m[K
[01m[K/opt/ros/noetic/include/ros/node_handle.h:249:15:[m[K [01;36m[Knote: [m[K  template argument deduction/substitution failed:
[01m[K/home/cexxo39/excercise1_ws/src/my_package/src/robotControl.cpp:12:9:[m[K [01;31m[Kerror: [m[Ktemplate argument 1 is invalid
   12 |     1000[01;31m[K)[m[K;
      |         [01;31m[K^[m[K
In file included from [01m[K/opt/ros/noetic/include/ros/ros.h:45[m[K,
                 from [01m[K/home/cexxo39/excercise1_ws/src/my_package/src/robotControl.cpp:1[m[K:
[01m[K/opt/ros/noetic/include/ros/node_handle.h:315:13:[m[K [01;36m[Knote: [m[Kcandidate: â€˜[01m[Ktemplate<class M> ros::Publisher ros::NodeHandle::advertise(const string&, uint32_t, const SubscriberStatusCallback&, const SubscriberStatusCallback&, const VoidConstPtr&, bool)[m[Kâ€™
  315 |   Publisher [01;36m[Kadvertise[m[K(const std::string& topic, uint32_t queue_size,
      |             [01;36m[K^~~~~~~~~[m[K
[01m[K/opt/ros/noetic/include/ros/node_handle.h:315:13:[m[K [01;36m[Knote: [m[K  template argument deduction/substitution failed:
[01m[K/home/cexxo39/excercise1_ws/src/my_package/src/robotControl.cpp:12:9:[m[K [01;31m[Kerror: [m[Ktemplate argument 1 is invalid
   12 |     1000[01;31m[K)[m[K;
      |         [01;31m[K^[m[K
[01m[K/home/cexxo39/excercise1_ws/src/my_package/src/robotControl.cpp:26:9:[m[K [01;31m[Kerror: [m[Kâ€˜[01m[Kpoint1[m[Kâ€™ is not a class, namespace, or enumeration
   26 |         [01;31m[Kpoint1[m[K::RVL msg;
      |         [01;31m[K^~~~~~[m[K
[01m[K/home/cexxo39/excercise1_ws/src/my_package/src/robotControl.cpp:32:17:[m[K [01;31m[Kerror: [m[Kâ€˜[01m[Kmsg[m[Kâ€™ was not declared in this scope
   32 |                 [01;31m[Kmsg[m[K.ID = 0;
      |                 [01;31m[K^~~[m[K
[01m[K/home/cexxo39/excercise1_ws/src/my_package/src/robotControl.cpp:42:13:[m[K [01;31m[Kerror: [m[Kâ€˜[01m[Kmsg[m[Kâ€™ was not declared in this scope
   42 |             [01;31m[Kmsg[m[K.ID = ids[i];
      |             [01;31m[K^~~[m[K
[01m[K/home/cexxo39/excercise1_ws/src/my_package/src/listener.cpp:4:1:[m[K [01;31m[Kerror: [m[Kâ€˜[01m[Kpoint1[m[Kâ€™ does not name a type; did you mean â€˜[01m[Kprintf[m[Kâ€™?
    4 | [01;31m[Kpoint1[m[K::RVL::ConstPtr& msg)
      | [01;31m[K^~~~~~[m[K
      | [32m[Kprintf[m[K
[01m[K/home/cexxo39/excercise1_ws/src/my_package/src/listener.cpp:4:12:[m[K [01;31m[Kerror: [m[Kexpected unqualified-id before â€˜[01m[K::[m[Kâ€™ token
    4 | point1::RVL[01;31m[K::[m[KConstPtr& msg)
      |            [01;31m[K^~[m[K
[01m[K/home/cexxo39/excercise1_ws/src/my_package/src/listener.cpp:4:12:[m[K [01;31m[Kerror: [m[Kexpected â€˜[01m[K)[m[Kâ€™ before â€˜[01m[K::[m[Kâ€™ token
    4 | point1::RVL[01;31m[K:[m[K[32m[K:[m[KConstPtr& msg)
      |            [01;31m[K^[m[K[32m[K~[m[K
      |            [32m[K)[m[K
[01m[K/home/cexxo39/excercise1_ws/src/my_package/src/listener.cpp:3:21:[m[K [01;36m[Knote: [m[Kto match this â€˜[01m[K([m[Kâ€™
    3 | void messageCallback[01;36m[K([m[Kconst
      |                     [01;36m[K^[m[K
[01m[K/home/cexxo39/excercise1_ws/src/my_package/src/listener.cpp:4:12:[m[K [01;31m[Kerror: [m[Kexpected initializer before â€˜[01m[K::[m[Kâ€™ token
    4 | point1::RVL[01;31m[K::[m[KConstPtr& msg)
      |            [01;31m[K^~[m[K
[01m[K/home/cexxo39/excercise1_ws/src/my_package/src/listener.cpp:[m[K In function â€˜[01m[Kint main(int, char**)[m[Kâ€™:
[01m[K/home/cexxo39/excercise1_ws/src/my_package/src/listener.cpp:12:56:[m[K [01;31m[Kerror: [m[Kâ€˜[01m[KmessageCallback[m[Kâ€™ was not declared in this scope
   12 |     ros::Subscriber sub = n.subscribe("message", 1000, [01;31m[KmessageCallback[m[K);
      |                                                        [01;31m[K^~~~~~~~~~~~~~~[m[K
make[2]: *** [CMakeFiles/robotControl.dir/build.make:63: CMakeFiles/robotControl.dir/src/robotControl.cpp.o] Error 1
make[1]: *** [CMakeFiles/Makefile2:197: CMakeFiles/robotControl.dir/all] Error 2
make[1]: *** Waiting for unfinished jobs....
make[2]: *** [CMakeFiles/listener.dir/build.make:63: CMakeFiles/listener.dir/src/listener.cpp.o] Error 1
make[1]: *** [CMakeFiles/Makefile2:170: CMakeFiles/listener.dir/all] Error 2
make: *** [Makefile:141: all] Error 2
